#
# A fatal error has been detected by the Java Runtime Environment:
#
#  EXCEPTION_ACCESS_VIOLATION (0xc0000005) at pc=0x00007ff81f072e3c, pid=3404, tid=15076
#
# JRE version: Java(TM) SE Runtime Environment (25.0.1+8) (build 25.0.1+8-LTS-27)
# Java VM: Java HotSpot(TM) 64-Bit Server VM (25.0.1+8-LTS-27, mixed mode, emulated-client, sharing, tiered, compressed oops, compressed class ptrs, g1 gc, windows-amd64)
# Problematic frame:
# V  [jvm.dll+0x6422a7]
#
# No core dump will be written. Minidumps are not enabled by default on client versions of Windows
#
# If you would like to submit a bug report, please visit:
#   https://bugreport.java.com/bugreport/crash.jsp
# The crash happened outside the Java Virtual Machine in native code.
# See problematic frame for where to report the bug.
#

---------------  S U M M A R Y ------------

Command Line: -XX:TieredStopAtLevel=1 -Dspring.output.ansi.enabled=always -Dcom.sun.management.jmxremote -Dspring.jmx.enabled=true -Dspring.liveBeansView.mbeanDomain -Dspring.application.admin.enabled=true -Dmanagement.endpoints.jmx.exposure.include=* -javaagent:D:\JavaFiles\IntelliJ IDEA 2025.3.1\lib\idea_rt.jar=57542 -Dfile.encoding=UTF-8 -Dsun.stdout.encoding=UTF-8 -Dsun.stderr.encoding=UTF-8 net.Soumik.Paul.PaulApplication

Host: AMD Ryzen 5 8600G w/ Radeon 760M Graphics      , 12 cores, 11G,  Windows 11 , 64 bit Build 26100 (10.0.26100.7309)
Time: Sun Jan  4 21:19:40 2026 India Standard Time elapsed time: 95.784352 seconds (0d 0h 1m 35s)

---------------  T H R E A D  ---------------

Current thread (0x000002e4ff81fb30):  JavaThread "Signal Dispatcher" daemon [_thread_in_native, id=15076, stack(0x000000f36c000000,0x000000f36c100000) (1024K)]

Stack: [0x000000f36c000000,0x000000f36c100000],  sp=0x000000f36c0fef90,  free space=1019k
Native frames: (J=compiled Java code, j=interpreted, Vv=VM code, C=native code)
C  0x00007ff81f072e3c  (no source info available)

Java frames: (J=compiled Java code, j=interpreted, Vv=VM code)
j  jdk.internal.misc.Signal.dispatch(I)V+25 java.base@25.0.1
v  ~StubRoutines::call_stub 0x000002e4f7dd12ed

siginfo: EXCEPTION_ACCESS_VIOLATION (0xc0000005), data execution prevention violation at address 0x00007ff81f072e3c


Registers:
RAX=0x00007ff81f072e3c, RBX=0x000002e4860b9998, RCX=0x000002e4873a4910, RDX=0x000002e4ff81ff78
RSP=0x000000f36c0fef88, RBP=0x0000000000000000, RSI=0x000002e4860ce460, RDI=0x000002e4ff81fb30
R8 =0x000002e4860b9990, R9 =0x000002e4860b9998, R10=0x0000000000000000, R11=0x00007ff86d471c64
R12=0x000002e4860b9990, R13=0x000002e4873a4910, R14=0x000000001d37d488, R15=0x000002e4ff6d40a8
RIP=0x00007ff81f072e3c, EFLAGS=0x0000000000010206

XMM[0]=0x0000000000000000 0x0000000000000000
XMM[1]=0x646a207373616c63 0x20676e6964616f4c
XMM[2]=0x3b31246c616e6769 0x532f6373696d2f6c
XMM[3]=0x0000000000000000 0x0000000000000000
XMM[4]=0x0000000000000000 0x0000000000000000
XMM[5]=0x696d2f6c616e7265 0x746e692f6b646a20
XMM[6]=0x0000000000000000 0x0000000000000000
XMM[7]=0x0000000000000000 0x0000000000000000
XMM[8]=0x0000000000000000 0x0000000000000000
XMM[9]=0x0000000000000000 0x0000000000000000
XMM[10]=0x0000000000000000 0x0000000000000000
XMM[11]=0x0000000000000000 0x0000000000000000
XMM[12]=0x0000000000000000 0x0000000000000000
XMM[13]=0x0000000000000000 0x0000000000000000
XMM[14]=0x0000000000000000 0x0000000000000000
XMM[15]=0x0000000000000000 0x0000000000000000
  MXCSR=0x00001fa0


Register to memory mapping:

RAX=0x00007ff81f072e3c is an unknown value
RBX=0x000002e4860b9998 points into unknown readable memory: 0x000000074de38978 | 78 89 e3 4d 07 00 00 00
RCX=0x000002e4873a4910 points into unknown readable memory: 0x00007ff82292fbd0 | d0 fb 92 22 f8 7f 00 00
RDX=0x000002e4ff81ff78 points into unknown readable memory: 0x00007ff822926b50 | 50 6b 92 22 f8 7f 00 00
RSP=0x000000f36c0fef88 is pointing into the stack for thread: 0x000002e4ff81fb30
RBP=0x0 is null
RSI=0x000002e4860ce460 points into unknown readable memory: 0x000002e4ff8923a0 | a0 23 89 ff e4 02 00 00
RDI=0x000002e4ff81fb30 is a thread
R8 =0x000002e4860b9990 points into unknown readable memory: 0x00000007ffc02748 | 48 27 c0 ff 07 00 00 00
R9 =0x000002e4860b9998 points into unknown readable memory: 0x000000074de38978 | 78 89 e3 4d 07 00 00 00
R10=0x0 is null
R11=0x00007ff86d471c64 VCRUNTIME140.dll
R12=0x000002e4860b9990 points into unknown readable memory: 0x00000007ffc02748 | 48 27 c0 ff 07 00 00 00
R13=0x000002e4873a4910 points into unknown readable memory: 0x00007ff82292fbd0 | d0 fb 92 22 f8 7f 00 00
R14=0x000000001d37d488 is a pointer to class: 
jdk.internal.misc.Signal$1 {0x000000001d37d490}
 - instance size:     3
 - klass size:        71
 - access:            synchronized 
 - flags:             has_nonstatic_fields defined_by_boot_loader has_localvariable_table 
 - state:             loaded
 - name:              'jdk/internal/misc/Signal$1'
 - super:             'java/lang/Object'
 - sub:               
 - arrays:            null
 - methods:           Array<T>(0x000002e4837dfdc8)
 - method ordering:   Array<T>(0x000000001c720208)
 - local interfaces:  Array<T>(0x000002e4837dfdb8)
 - trans. interfaces: Array<T>(0x000002e4837dfdb8)
 - secondary supers: Array<T>(0x000002e4837dfdb8)
 - hash_slot:         32
 - secondary bitmap: 0x0010000000000000
 - constants:         constant pool [44] {0x000002e4837dfbe8} for 'jdk/internal/misc/Signal$1'
 - class loader data:  loader data: 0x000002e4ff6c55a0 of 'bootstrap'
 - source file:       'Signal.java'
 - inner classes:     Array<T>(0x000002e4837dff50)
 - nest members:     Array<T>(0x000000001c6a06a0)
 - permitted subclasses:     Array<T>(0x000000001c6a06a0)
 - java mirror:       a 'java/lang/Class'{0x000000074de38978} = 'jdk/internal/misc/Signal$1'
 - vtable length      6  (start addr: 0x000000001d37d660)
 - itable length      5 (start addr: 0x000000001d37d690)
 - ---- static fields (0 words):
 - ---- non-static fields (2 words):
 - final synthetic 'val$handler' 'Ljdk/internal/misc/Signal$Handler;' @12 
 - final synthetic 'val$sig' 'Ljdk/internal/misc/Signal;' @16 
 - non-static oop maps (1 entries): 12-16 
R15=0x000002e4ff6d40a8 points into unknown readable memory: 0x8000001500000001 | 01 00 00 00 15 00 00 80

Top of Stack: (sp=0x000000f36c0fef88)
0x000000f36c0fef88:   00007ff8222822a7 000002e4860b9998   ."("............
0x000000f36c0fef98:   000002e4ff6d4080 000000074de38978   .@m.....x..M....
0x000000f36c0fefa8:   00007ff800000000 000002e4ff6d4080   .........@m.....
0x000000f36c0fefb8:   000002e4ff6c55a0 000002e4ff6c55a0   .Ul......Ul.....
0x000000f36c0fefc8:   000000001c54f068 000000f36c0ff090   h.T........l....
0x000000f36c0fefd8:   000000f36c0ff0d0 000002e4ff819260   ...l....`.......
0x000000f36c0fefe8:   000002e4ff8202f0 000002e4ff820308   ................
0x000000f36c0feff8:   000002e4ff8206e0 00000000000003d8   ................
0x000000f36c0ff008:   000002e4ff81fb30 000002e4ff81fb30   0.......0.......
0x000000f36c0ff018:   000002e4ff819420 000002e4ff6c85d0    .........l.....
0x000000f36c0ff028:   000002e4ff6c85e8 000002e4ff6c86c0   ..l.......l.....
0x000000f36c0ff038:   00000000000000d8 000000f36c0ff050   ........P..l....
0x000000f36c0ff048:   00007ff821f475ad 000002e4ff81fb30   .u.!....0.......
0x000000f36c0ff058:   000002e4ff819420 000002e4ff6c85d0    .........l.....
0x000000f36c0ff068:   000002e4ff6c85e8 000002e4ff6c86c0   ..l.......l.....
0x000000f36c0ff078:   00000000000000d8 000000f36c0ff448   ........H..l....
0x000000f36c0ff088:   000002e4ff81fb30 000000001d37d488   0.........7.....
0x000000f36c0ff098:   000002e4ff6c55a0 000000001c54f068   .Ul.....h.T.....
0x000000f36c0ff0a8:   000000001d37d488 000000f36c0ff189   ..7........l....
0x000000f36c0ff0b8:   000002e4ff6c55a0 000002e4ff81fb30   .Ul.....0.......
0x000000f36c0ff0c8:   00007ff822511c2f 0000000000000000   /.Q"............
0x000000f36c0ff0d8:   000000001d37d488 000002e4873a4910   ..7......I:.....
0x000000f36c0ff0e8:   000002e4ff6d40a8 0000000000000018   .@m.............
0x000000f36c0ff0f8:   0000000000000000 0000000000000000   ................
0x000000f36c0ff108:   0000000000000000 0000000000000009   ................
0x000000f36c0ff118:   00007ff821d37446 0000000000000000   Ft.!............
0x000000f36c0ff128:   0000000000000018 000000001d37d488   ..........7.....
0x000000f36c0ff138:   000002e4ed1a0000 000000f36c0ff340   ........@..l....
0x000000f36c0ff148:   00007ff87d31cca4 00005108f6edb9d8   ..1}.........Q..
0x000000f36c0ff158:   00007ff8225085e4 0000000000000000   ..P"............
0x000000f36c0ff168:   00007ff822411b26 000000001c7c12ef   &.A"......|.....
0x000000f36c0ff178:   000000001d37d488 000002e4ff6c55a0   ..7......Ul.....

Instructions: (pc=0x00007ff8222822a7)
  0x00007ff8222821a7:   4d 8b c6 e8 e1 76 fe ff 48 83 7d 00 00 74 13 49
  0x00007ff8222821b7:   8b d5 48 8b cb e8 8f fd ac ff 48 8b cd e8 67 fd
  0x00007ff8222821c7:   ac ff 4c 8b ac 24 50 01 00 00 4c 39 7b 20 74 0c
  0x00007ff8222821d7:   48 89 6b 18 4c 89 7b 20 4c 89 63 28 48 8b 87 78
  0x00007ff8222821e7:   06 00 00 33 ed 48 85 c0 74 03 8b 68 2c 48 8b cf
  0x00007ff8222821f7:   e8 94 c0 e4 ff 48 8d 8f 28 04 00 00 e8 b8 87 d6
  0x00007ff822282207:   ff 48 8b cf e8 00 cd e4 ff 45 33 c0 48 8b d0 48
  0x00007ff822282217:   8b cf e8 82 46 ed ff 48 8b 8c 24 48 01 00 00 4c
  0x00007ff822282227:   8b e0 48 85 c9 75 04 33 db eb 24 48 8b 49 70 48
  0x00007ff822282237:   85 c9 75 04 33 c0 eb 06 ff 15 db 7d 69 00 45 33
  0x00007ff822282247:   c0 48 8b d0 48 8b cf e8 4d 46 ed ff 48 8b d8 48
  0x00007ff822282257:   8d 4c 24 50 e8 90 76 ab ff 48 8d 8f 28 04 00 00
  0x00007ff822282267:   48 89 7c 24 78 e8 4f 87 d6 ff 90 48 8d 8c 24 80
  0x00007ff822282277:   00 00 00 48 8b d7 c7 87 d4 04 00 00 04 00 00 00
  0x00007ff822282287:   e8 64 81 df ff 49 8b 45 50 48 85 c0 74 12 4c 8b
  0x00007ff822282297:   cb 48 8d 97 48 04 00 00 4d 8b c4 49 8b cd ff d0
=>0x00007ff8222822a7:   48 8d 4c 24 50 e8 1f db ff ff 48 8b cf e8 57 af
  0x00007ff8222822b7:   e4 ff 48 8b 87 78 06 00 00 4c 8b b4 24 48 01 00
  0x00007ff8222822c7:   00 4c 8b bc 24 58 01 00 00 48 8b 5c 24 20 48 85
  0x00007ff8222822d7:   c0 74 03 89 68 2c 48 8b 76 10 48 85 f6 0f 85 06
  0x00007ff8222822e7:   fe ff ff 4c 8b ac 24 08 01 00 00 4c 8b a4 24 10
  0x00007ff8222822f7:   01 00 00 41 80 3f 00 4c 8b bc 24 00 01 00 00 48
  0x00007ff822282307:   8b b4 24 18 01 00 00 75 05 e8 13 5a 3a 00 48 8b
  0x00007ff822282317:   0b 48 8b 9c 24 40 01 00 00 8b 81 d4 03 00 00 ff
  0x00007ff822282327:   c8 89 81 d4 03 00 00 48 8d 8c 24 c0 00 00 00 e8
  0x00007ff822282337:   55 7f df ff 48 8b ac 24 20 01 00 00 48 81 c4 28
  0x00007ff822282347:   01 00 00 41 5e 5f c3 cc cc 48 8b c4 48 89 50 10
  0x00007ff822282357:   57 41 56 48 81 ec 28 01 00 00 83 3d e8 ee 6a 00
  0x00007ff822282367:   02 4c 8b f2 48 8b f9 0f 8c 9f 03 00 00 48 8b d1
  0x00007ff822282377:   48 89 68 e8 48 8d 48 88 e8 6c 80 df ff b2 01 48
  0x00007ff822282387:   8b cf e8 52 ed ff ff 48 8b e8 48 85 c0 0f 84 64
  0x00007ff822282397:   03 00 00 80 bf f3 04 00 00 00 0f 85 57 03 00 00


Stack slot to memory mapping:

stack at sp + 0 slots: 0x000002e4860b9998 points into unknown readable memory: 0x000000074de38978 | 78 89 e3 4d 07 00 00 00
stack at sp + 1 slots: 0x000002e4ff6d4080 points into unknown readable memory: 0x000002e4ff81fb30 | 30 fb 81 ff e4 02 00 00
stack at sp + 2 slots: 0x000000074de38978 is an oop: java.lang.Class 
{0x000000074de38978} - klass: 'java/lang/Class' - flags: 

 - ---- fields (total size 15 words):
 - private volatile transient 'classRedefinedCount' 'I' @12  0 (0x00000000)
 - injected 'klass' 'J' @16  490198152 (0x000000001d37d488)
 - injected 'array_klass' 'J' @24  0 (0x0000000000000000)
 - injected 'oop_size' 'I' @32  15 (0x0000000f)
 - injected 'static_oop_field_count' 'I' @36  0 (0x00000000)
 - private final transient 'modifiers' 'C' @40    0 (0x0000)
 - private final transient 'primitive' 'Z' @42  false (0x00)
 - private volatile transient 'cachedConstructor' 'Ljava/lang/reflect/Constructor;' @44  null (0x00000000)
 - private transient 'name' 'Ljava/lang/String;' @48  null (0x00000000)
 - private transient 'module' 'Ljava/lang/Module;' @52  a 'java/lang/Module'{0x00000007ffc0c508} (0xfff818a1)
 - private final 'classLoader' 'Ljava/lang/ClassLoader;' @56  null (0x00000000)
 - private transient 'classData' 'Ljava/lang/Object;' @60  null (0x00000000)
 - private transient 'signers' '[Ljava/lang/Object;' @64  null (0x00000000)
 - private transient 'packageName' 'Ljava/lang/String;' @68  null (0x00000000)
 - private final transient 'componentType' 'Ljava/lang/Class;' @72  null (0x00000000)
 - private final transient 'protectionDomain' 'Ljava/security/ProtectionDomain;' @76  null (0x00000000)
 - private volatile transient 'reflectionData' 'Ljava/lang/ref/SoftReference;' @80  null (0x00000000)
 - private volatile transient 'genericInfo' 'Lsun/reflect/generics/repository/ClassRepository;' @84  null (0x00000000)
 - private volatile transient 'enumConstants' '[Ljava/lang/Object;' @88  null (0x00000000)
 - private volatile transient 'enumConstantDirectory' 'Ljava/util/Map;' @92  null (0x00000000)
 - private volatile transient 'annotationData' 'Ljava/lang/Class$AnnotationData;' @96  null (0x00000000)
 - private volatile transient 'annotationType' 'Lsun/reflect/annotation/AnnotationType;' @100  null (0x00000000)
 - transient 'classValueMap' 'Ljava/lang/ClassValue$ClassValueMap;' @104  null (0x00000000)
 - injected 'source_file' 'Ljava/lang/Object;' @108  null (0x00000000)
 - injected '<init_lock>' 'Ljava/lang/Object;' @112  [I{0x000000074de389f0} (0xe9bc713e)
 - signature: Ljdk/internal/misc/Signal$1;
 - ---- static fields (0):
stack at sp + 3 slots: 0x00007ff800000000 is an unknown value
stack at sp + 4 slots: 0x000002e4ff6d4080 points into unknown readable memory: 0x000002e4ff81fb30 | 30 fb 81 ff e4 02 00 00
stack at sp + 5 slots: 0x000002e4ff6c55a0 points into unknown readable memory: 0x0000000000000000 | 00 00 00 00 00 00 00 00
stack at sp + 6 slots: 0x000002e4ff6c55a0 points into unknown readable memory: 0x0000000000000000 | 00 00 00 00 00 00 00 00
stack at sp + 7 slots: 0x000000001c54f068 is pointing into metadata

Lock stack of current Java thread (top to bottom):


---------------  P R O C E S S  ---------------

Threads class SMR info:
_java_thread_list=0x000002e4862cf5a0, length=31, elements={
0x000002e4ff81b8e0, 0x000002e4ff81c340, 0x000002e4ff81fb30, 0x000002e4ff820ea0,
0x000002e4ff8237b0, 0x000002e4ff82d790, 0x000002e4ff82f020, 0x000002e4ff970130,
0x000002e4ffb58060, 0x000002e4ffb58820, 0x000002e486530950, 0x000002e487002d00,
0x000002e4870034c0, 0x000002e487007d80, 0x000002e48704bef0, 0x000002e487078370,
0x000002e486ed5740, 0x000002e486ed6eb0, 0x000002e4870eca40, 0x000002e4870ed210,
0x000002e4870ea330, 0x000002e4870eab00, 0x000002e4870eb2d0, 0x000002e4870ec270,
0x000002e4873bbc30, 0x000002e4873b9520, 0x000002e4873bac90, 0x000002e4873bd3a0,
0x000002e4873c0a50, 0x000002e4873bdb70, 0x000002e487441060
}

Java Threads: ( => current thread )
  0x000002e4ff81b8e0 JavaThread "Reference Handler"          daemon [_thread_blocked, id=15272, stack(0x000000f36be00000,0x000000f36bf00000) (1024K)]
  0x000002e4ff81c340 JavaThread "Finalizer"                  daemon [_thread_blocked, id=12208, stack(0x000000f36bf00000,0x000000f36c000000) (1024K)]
=>0x000002e4ff81fb30 JavaThread "Signal Dispatcher"          daemon [_thread_in_native, id=15076, stack(0x000000f36c000000,0x000000f36c100000) (1024K)]
  0x000002e4ff820ea0 JavaThread "Attach Listener"            daemon [_thread_blocked, id=7372, stack(0x000000f36c100000,0x000000f36c200000) (1024K)]
  0x000002e4ff8237b0 JavaThread "Service Thread"             daemon [_thread_blocked, id=10228, stack(0x000000f36c200000,0x000000f36c300000) (1024K)]
  0x000002e4ff82d790 JavaThread "Monitor Deflation Thread"   daemon [_thread_blocked, id=10464, stack(0x000000f36c300000,0x000000f36c400000) (1024K)]
  0x000002e4ff82f020 JavaThread "C1 CompilerThread0"         daemon [_thread_blocked, id=1224, stack(0x000000f36c400000,0x000000f36c500000) (1024K)]
  0x000002e4ff970130 JavaThread "Common-Cleaner"             daemon [_thread_blocked, id=16524, stack(0x000000f36c600000,0x000000f36c700000) (1024K)]
  0x000002e4ffb58060 JavaThread "Monitor Ctrl-Break"         daemon [_thread_in_native, id=17064, stack(0x000000f36c800000,0x000000f36c900000) (1024K)]
  0x000002e4ffb58820 JavaThread "Notification Thread"        daemon [_thread_blocked, id=16564, stack(0x000000f36c900000,0x000000f36ca00000) (1024K)]
  0x000002e486530950 JavaThread "RMI TCP Accept-0"           daemon [_thread_in_native, id=8716, stack(0x000000f36cb00000,0x000000f36cc00000) (1024K)]
  0x000002e487002d00 JavaThread "Catalina-utility-1"                [_thread_blocked, id=16700, stack(0x000000f36d700000,0x000000f36d800000) (1024K)]
  0x000002e4870034c0 JavaThread "Catalina-utility-2"                [_thread_blocked, id=5284, stack(0x000000f36d800000,0x000000f36d900000) (1024K)]
  0x000002e487007d80 JavaThread "container-0"                       [_thread_blocked, id=16924, stack(0x000000f36d900000,0x000000f36da00000) (1024K)]
  0x000002e48704bef0 JavaThread "BufferPoolPruner-1-thread-1" daemon [_thread_blocked, id=7484, stack(0x000000f36da00000,0x000000f36db00000) (1024K)]
  0x000002e487078370 JavaThread "cluster-ClusterId{value='695a8bb51f5c999303998c01', description='null'}-localhost:27017" daemon [_thread_in_native, id=7528, stack(0x000000f36db00000,0x000000f36dc00000) (1024K)]
  0x000002e486ed5740 JavaThread "cluster-rtt-ClusterId{value='695a8bb51f5c999303998c01', description='null'}-localhost:27017" daemon [_thread_blocked, id=13944, stack(0x000000f36dd00000,0x000000f36de00000) (1024K)]
  0x000002e486ed6eb0 JavaThread "MaintenanceTimer-2-thread-1" daemon [_thread_blocked, id=2828, stack(0x000000f36de00000,0x000000f36df00000) (1024K)]
  0x000002e4870eca40 JavaThread "http-nio-8080-exec-1"       daemon [_thread_blocked, id=7708, stack(0x000000f36df00000,0x000000f36e000000) (1024K)]
  0x000002e4870ed210 JavaThread "http-nio-8080-exec-2"       daemon [_thread_blocked, id=6088, stack(0x000000f36e000000,0x000000f36e100000) (1024K)]
  0x000002e4870ea330 JavaThread "http-nio-8080-exec-3"       daemon [_thread_blocked, id=2480, stack(0x000000f36e100000,0x000000f36e200000) (1024K)]
  0x000002e4870eab00 JavaThread "http-nio-8080-exec-4"       daemon [_thread_blocked, id=9924, stack(0x000000f36e200000,0x000000f36e300000) (1024K)]
  0x000002e4870eb2d0 JavaThread "http-nio-8080-exec-5"       daemon [_thread_blocked, id=8628, stack(0x000000f36e300000,0x000000f36e400000) (1024K)]
  0x000002e4870ec270 JavaThread "http-nio-8080-exec-6"       daemon [_thread_blocked, id=4544, stack(0x000000f36e400000,0x000000f36e500000) (1024K)]
  0x000002e4873bbc30 JavaThread "http-nio-8080-exec-7"       daemon [_thread_blocked, id=10580, stack(0x000000f36e500000,0x000000f36e600000) (1024K)]
  0x000002e4873b9520 JavaThread "http-nio-8080-exec-8"       daemon [_thread_blocked, id=6004, stack(0x000000f36e600000,0x000000f36e700000) (1024K)]
  0x000002e4873bac90 JavaThread "http-nio-8080-exec-9"       daemon [_thread_blocked, id=2412, stack(0x000000f36e700000,0x000000f36e800000) (1024K)]
  0x000002e4873bd3a0 JavaThread "http-nio-8080-exec-10"      daemon [_thread_blocked, id=9560, stack(0x000000f36e800000,0x000000f36e900000) (1024K)]
  0x000002e4873c0a50 JavaThread "http-nio-8080-Poller"       daemon [_thread_in_native, id=2164, stack(0x000000f36e900000,0x000000f36ea00000) (1024K)]
  0x000002e4873bdb70 JavaThread "http-nio-8080-Acceptor"     daemon [_thread_in_native, id=17272, stack(0x000000f36ea00000,0x000000f36eb00000) (1024K)]
  0x000002e487441060 JavaThread "DestroyJavaVM"                     [_thread_blocked, id=13704, stack(0x000000f36b600000,0x000000f36b700000) (1024K)]
Total: 31

Other Threads:
  0x000002e4ff8063d0 VMThread "VM Thread"                           [id=4164, stack(0x000000f36bd00000,0x000000f36be00000) (1024K)]
  0x000002e4ff7f6760 WatcherThread "VM Periodic Task Thread"        [id=12756, stack(0x000000f36bc00000,0x000000f36bd00000) (1024K)]
  0x000002e4ef5a7880 WorkerThread "GC Thread#0"                     [id=12500, stack(0x000000f36b700000,0x000000f36b800000) (1024K)]
  0x000002e486879fa0 WorkerThread "GC Thread#1"                     [id=14108, stack(0x000000f36cd00000,0x000000f36ce00000) (1024K)]
  0x000002e48687eaf0 WorkerThread "GC Thread#2"                     [id=14752, stack(0x000000f36ce00000,0x000000f36cf00000) (1024K)]
  0x000002e4868c2690 WorkerThread "GC Thread#3"                     [id=12764, stack(0x000000f36cf00000,0x000000f36d000000) (1024K)]
  0x000002e48698b2c0 WorkerThread "GC Thread#4"                     [id=13200, stack(0x000000f36d000000,0x000000f36d100000) (1024K)]
  0x000002e48698b6f0 WorkerThread "GC Thread#5"                     [id=11880, stack(0x000000f36d100000,0x000000f36d200000) (1024K)]
  0x000002e48698bb20 WorkerThread "GC Thread#6"                     [id=4044, stack(0x000000f36d200000,0x000000f36d300000) (1024K)]
  0x000002e4868ea3c0 WorkerThread "GC Thread#7"                     [id=16416, stack(0x000000f36cc00000,0x000000f36cd00000) (1024K)]
  0x000002e4868e96d0 WorkerThread "GC Thread#8"                     [id=16460, stack(0x000000f36d300000,0x000000f36d400000) (1024K)]
  0x000002e4868e8e30 WorkerThread "GC Thread#9"                     [id=13600, stack(0x000000f36d400000,0x000000f36d500000) (1024K)]
  0x000002e4ef5bbef0 ConcurrentGCThread "G1 Main Marker"            [id=1932, stack(0x000000f36b800000,0x000000f36b900000) (1024K)]
  0x000002e4ef5bd230 WorkerThread "G1 Conc#0"                       [id=16808, stack(0x000000f36b900000,0x000000f36ba00000) (1024K)]
  0x000002e4868e9280 WorkerThread "G1 Conc#1"                       [id=10360, stack(0x000000f36d500000,0x000000f36d600000) (1024K)]
  0x000002e4868e9f70 WorkerThread "G1 Conc#2"                       [id=7728, stack(0x000000f36d600000,0x000000f36d700000) (1024K)]
  0x000002e4ff6c60c0 ConcurrentGCThread "G1 Refine#0"               [id=424, stack(0x000000f36ba00000,0x000000f36bb00000) (1024K)]
  0x000002e4ff6c8be0 ConcurrentGCThread "G1 Service"                [id=11748, stack(0x000000f36bb00000,0x000000f36bc00000) (1024K)]
Total: 18

Threads with active compile tasks:
Total: 0

VM state: not at safepoint (normal execution)

VM Mutex/Monitor currently owned by a thread: None

Heap address: 0x0000000746400000, size: 2972 MB, Compressed Oops mode: Zero based, Oop shift amount: 3

CDS archive(s) mapped at: [0x000000001c000000-0x000000001cdd0000-0x000000001cdd0000), size 14483456, SharedBaseAddress: 0x000000001c000000, ArchiveRelocationMode: 1.
Compressed class space mapped at: 0x000000001d000000-0x000000005d000000, reserved size: 1073741824
UseCompressedClassPointers 1, UseCompactObjectHeaders 0
Narrow klass pointer bits 32, Max shift 3
Narrow klass base: 0x000000001c000000, Narrow klass shift: 0
Encoding Range: [0x000000001c000000 - 0x000000011c000000), (4294967296 bytes)
Klass Range:    [0x000000001c010000 - 0x000000005d000000), (1090453504 bytes)
Klass ID Range:  [65536 - 1090519033) (1090453497)
Protection zone: [0x000000001c000000 - 0x000000001c010000), (65536 bytes)

GC Precious Log:
 CardTable entry size: 512
 Card Set container configuration: InlinePtr #cards 4 size 8 Array Of Cards #cards 16 size 48 Howl #buckets 8 coarsen threshold 3686 Howl Bitmap #cards 512 size 80 coarsen threshold 460 Card regions per heap region 1 cards per card region 4096
 CPUs: 12 total, 12 available
 Memory: 11885M
 Large Page Support: Disabled
 NUMA Support: Disabled
 Compressed Oops: Enabled (Zero based)
 Heap Region Size: 2M
 Heap Min Capacity: 8M
 Heap Initial Capacity: 186M
 Heap Max Capacity: 2972M
 Pre-touch: Disabled
 Parallel Workers: 10
 Concurrent Workers: 3
 Concurrent Refinement Workers: 10
 Periodic GC: Disabled

Heap:
 garbage-first heap   total reserved 3043328K, committed 71680K, used 30107K [0x0000000746400000, 0x0000000800000000)
  region size 2048K, 9 young (18432K), 3 survivors (6144K)

Heap Regions: E=young(eden), S=young(survivor), O=old, HS=humongous(starts), HC=humongous(continues), CS=collection set, F=free, TAMS=top-at-mark-start, PB=parsable bottom
|   0|0x0000000746400000, 0x0000000746449c28, 0x0000000746600000| 14%| O|Cm|TAMS 0x0000000746400000| PB 0x0000000746400000| Complete |  0
|   1|0x0000000746600000, 0x0000000746800000, 0x0000000746800000|100%| O|  |TAMS 0x0000000746600000| PB 0x0000000746600000| Untracked |  0
|   2|0x0000000746800000, 0x0000000746a00000, 0x0000000746a00000|100%| O|  |TAMS 0x0000000746800000| PB 0x0000000746800000| Untracked |  0
|   3|0x0000000746a00000, 0x0000000746c00000, 0x0000000746c00000|100%| O|  |TAMS 0x0000000746a00000| PB 0x0000000746a00000| Untracked |  0
|   4|0x0000000746c00000, 0x0000000746e00000, 0x0000000746e00000|100%| O|  |TAMS 0x0000000746c00000| PB 0x0000000746c00000| Untracked |  0
|   5|0x0000000746e00000, 0x0000000746ec33c0, 0x0000000747000000| 38%| O|  |TAMS 0x0000000746e00000| PB 0x0000000746e00000| Untracked |  0
|   6|0x0000000747000000, 0x0000000747000000, 0x0000000747200000|  0%| F|  |TAMS 0x0000000747000000| PB 0x0000000747000000| Untracked |  0
|   7|0x0000000747200000, 0x0000000747200000, 0x0000000747400000|  0%| F|  |TAMS 0x0000000747200000| PB 0x0000000747200000| Untracked |  0
|   8|0x0000000747400000, 0x0000000747400000, 0x0000000747600000|  0%| F|  |TAMS 0x0000000747400000| PB 0x0000000747400000| Untracked |  0
|   9|0x0000000747600000, 0x0000000747600000, 0x0000000747800000|  0%| F|  |TAMS 0x0000000747600000| PB 0x0000000747600000| Untracked |  0
|  10|0x0000000747800000, 0x0000000747800000, 0x0000000747a00000|  0%| F|  |TAMS 0x0000000747800000| PB 0x0000000747800000| Untracked |  0
|  11|0x0000000747a00000, 0x0000000747a00000, 0x0000000747c00000|  0%| F|  |TAMS 0x0000000747a00000| PB 0x0000000747a00000| Untracked |  0
|  12|0x0000000747c00000, 0x0000000747c00000, 0x0000000747e00000|  0%| F|  |TAMS 0x0000000747c00000| PB 0x0000000747c00000| Untracked |  0
|  13|0x0000000747e00000, 0x0000000747e00000, 0x0000000748000000|  0%| F|  |TAMS 0x0000000747e00000| PB 0x0000000747e00000| Untracked |  0
|  14|0x0000000748000000, 0x0000000748000000, 0x0000000748200000|  0%| F|  |TAMS 0x0000000748000000| PB 0x0000000748000000| Untracked |  0
|  15|0x0000000748200000, 0x0000000748200000, 0x0000000748400000|  0%| F|  |TAMS 0x0000000748200000| PB 0x0000000748200000| Untracked |  0
|  16|0x0000000748400000, 0x0000000748400000, 0x0000000748600000|  0%| F|  |TAMS 0x0000000748400000| PB 0x0000000748400000| Untracked |  0
|  17|0x0000000748600000, 0x0000000748600000, 0x0000000748800000|  0%| F|  |TAMS 0x0000000748600000| PB 0x0000000748600000| Untracked |  0
|  18|0x0000000748800000, 0x0000000748800000, 0x0000000748a00000|  0%| F|  |TAMS 0x0000000748800000| PB 0x0000000748800000| Untracked |  0
|  19|0x0000000748a00000, 0x0000000748a00000, 0x0000000748c00000|  0%| F|  |TAMS 0x0000000748a00000| PB 0x0000000748a00000| Untracked |  0
|  20|0x0000000748c00000, 0x0000000748c00000, 0x0000000748e00000|  0%| F|  |TAMS 0x0000000748c00000| PB 0x0000000748c00000| Untracked |  0
|  21|0x0000000748e00000, 0x0000000748e59c60, 0x0000000749000000| 17%| S|CS|TAMS 0x0000000748e00000| PB 0x0000000748e00000| Complete |  0
|  22|0x0000000749000000, 0x0000000749200000, 0x0000000749200000|100%| S|CS|TAMS 0x0000000749000000| PB 0x0000000749000000| Complete |  0
|  23|0x0000000749200000, 0x0000000749400000, 0x0000000749400000|100%| S|CS|TAMS 0x0000000749200000| PB 0x0000000749200000| Complete |  0
|  59|0x000000074da00000, 0x000000074da00000, 0x000000074dc00000|  0%| F|  |TAMS 0x000000074da00000| PB 0x000000074da00000| Untracked |  0
|  60|0x000000074dc00000, 0x000000074dc00000, 0x000000074de00000|  0%| F|  |TAMS 0x000000074dc00000| PB 0x000000074dc00000| Untracked |  0
|  61|0x000000074de00000, 0x000000074dec7fb0, 0x000000074e000000| 39%| E|  |TAMS 0x000000074de00000| PB 0x000000074de00000| Complete |  0
|  62|0x000000074e000000, 0x000000074e200000, 0x000000074e200000|100%| E|CS|TAMS 0x000000074e000000| PB 0x000000074e000000| Complete |  0
|  63|0x000000074e200000, 0x000000074e400000, 0x000000074e400000|100%| E|CS|TAMS 0x000000074e200000| PB 0x000000074e200000| Complete |  0
|  64|0x000000074e400000, 0x000000074e600000, 0x000000074e600000|100%| E|CS|TAMS 0x000000074e400000| PB 0x000000074e400000| Complete |  0
|  92|0x0000000751c00000, 0x0000000751e00000, 0x0000000751e00000|100%| E|CS|TAMS 0x0000000751c00000| PB 0x0000000751c00000| Complete |  0
|1482|0x00000007ff800000, 0x00000007ffa00000, 0x00000007ffa00000|100%| O|  |TAMS 0x00000007ff800000| PB 0x00000007ff800000| Untracked |  0
|1483|0x00000007ffa00000, 0x00000007ffc00000, 0x00000007ffc00000|100%| O|  |TAMS 0x00000007ffa00000| PB 0x00000007ffa00000| Untracked |  0
|1484|0x00000007ffc00000, 0x00000007ffe00000, 0x00000007ffe00000|100%| O|  |TAMS 0x00000007ffc00000| PB 0x00000007ffc00000| Untracked |  0
|1485|0x00000007ffe00000, 0x0000000800000000, 0x0000000800000000|100%| E|CS|TAMS 0x00000007ffe00000| PB 0x00000007ffe00000| Complete |  0

Card table byte_map: [0x000002e4fb7e0000,0x000002e4fbdb0000] _byte_map_base: 0x000002e4f7dae000

Marking Bits: (CMBitMap*) 0x000002e4ef5a8010
 Bits: [0x000002e4fbdb0000, 0x000002e4fec20000)

Polling page: 0x000002e4ed340000

Metaspace:
Metaspace        used 36752K, committed 37184K, reserved 1114112K
 class space     used 4227K, committed 4416K, reserved 1048576K

Usage:
  Non-class:     31.76 MB used.
      Class:      4.13 MB used.
       Both:     35.89 MB used.

Virtual space:
  Non-class space:       64.00 MB reserved,      32.00 MB ( 50%) committed,  1 nodes.
      Class space:        1.00 GB reserved,       4.31 MB ( <1%) committed,  1 nodes.
             Both:        1.06 GB reserved,      36.31 MB (  3%) committed. 

Chunk freelists:
   Non-Class:  15.93 MB
       Class:  11.73 MB
        Both:  27.66 MB

MaxMetaspaceSize: unlimited
CompressedClassSpaceSize: 1.00 GB
Initial GC threshold: 21.00 MB
Current GC threshold: 58.88 MB
CDS: on
 - commit_granule_bytes: 65536.
 - commit_granule_words: 8192.
 - virtual_space_node_default_size: 8388608.
 - enlarge_chunks_in_place: 1.
UseCompressedClassPointers 1, UseCompactObjectHeaders 0
Narrow klass pointer bits 32, Max shift 3
Narrow klass base: 0x000000001c000000, Narrow klass shift: 0
Encoding Range: [0x000000001c000000 - 0x000000011c000000), (4294967296 bytes)
Klass Range:    [0x000000001c010000 - 0x000000005d000000), (1090453504 bytes)
Klass ID Range:  [65536 - 1090519033) (1090453497)
Protection zone: [0x000000001c000000 - 0x000000001c010000), (65536 bytes)


Internal statistics:

num_allocs_failed_limit: 6.
num_arena_births: 506.
num_arena_deaths: 0.
num_vsnodes_births: 2.
num_vsnodes_deaths: 0.
num_space_committed: 581.
num_space_uncommitted: 0.
num_chunks_returned_to_freelist: 6.
num_chunks_taken_from_freelist: 1789.
num_chunk_merges: 6.
num_chunk_splits: 1262.
num_chunks_enlarged: 1001.
num_inconsistent_stats: 0.

CodeCache: size=49152Kb used=6469Kb max_used=8061Kb free=42682Kb
 bounds [0x000002e4f7dd0000, 0x000002e4f85b0000, 0x000002e4fadd0000]
 total_blobs=5177, nmethods=4588, adapters=513, full_count=0
Compilation: enabled, stopped_count=0, restarted_count=0

Compilation events (20 events):
Event: 91.016 Thread 0x000002e4ff82f020 4630       1       java.util.EventObject::<init> (24 bytes)
Event: 91.016 Thread 0x000002e4ff82f020 nmethod 4630 0x000002e4f816e788 code [0x000002e4f816e880, 0x000002e4f816ea40]
Event: 91.060 Thread 0x000002e4ff82f020 4631       1       java.util.concurrent.ConcurrentLinkedDeque::succ (17 bytes)
Event: 91.060 Thread 0x000002e4ff82f020 nmethod 4631 0x000002e4f816e488 code [0x000002e4f816e580, 0x000002e4f816e680]
Event: 91.115 Thread 0x000002e4ff82f020 4632       1       org.bson.BsonNumber::<init> (5 bytes)
Event: 91.115 Thread 0x000002e4ff82f020 nmethod 4632 0x000002e4f816e188 code [0x000002e4f816e280, 0x000002e4f816e340]
Event: 91.115 Thread 0x000002e4ff82f020 4633       1       com.mongodb.assertions.Assertions::isTrueArgument (32 bytes)
Event: 91.115 Thread 0x000002e4ff82f020 nmethod 4633 0x000002e4f816dd88 code [0x000002e4f816de80, 0x000002e4f816e178]
Event: 91.117 Thread 0x000002e4ff82f020 4634       1       com.mongodb.internal.connection.OperationContext::getTimeoutContext (5 bytes)
Event: 91.117 Thread 0x000002e4ff82f020 nmethod 4634 0x000002e4f816da88 code [0x000002e4f816db80, 0x000002e4f816dc48]
Event: 91.117 Thread 0x000002e4ff82f020 4635       1       org.bson.io.OutputBuffer::writeCString (8 bytes)
Event: 91.117 Thread 0x000002e4ff82f020 nmethod 4635 0x000002e4f816d788 code [0x000002e4f816d880, 0x000002e4f816d978]
Event: 91.117 Thread 0x000002e4ff82f020 4636       1       sun.nio.ch.Util::isBufferTooLarge (15 bytes)
Event: 91.118 Thread 0x000002e4ff82f020 nmethod 4636 0x000002e4f816d488 code [0x000002e4f816d580, 0x000002e4f816d648]
Event: 91.118 Thread 0x000002e4ff82f020 4637       1       org.bson.internal.CodecCache$CodecCacheKey::equals (63 bytes)
Event: 91.118 Thread 0x000002e4ff82f020 nmethod 4637 0x000002e4f816d108 code [0x000002e4f816d200, 0x000002e4f816d458]
Event: 93.402 Thread 0x000002e4ff82f020 4638       1       java.util.concurrent.ThreadPoolExecutor::workerCountOf (5 bytes)
Event: 93.403 Thread 0x000002e4ff82f020 nmethod 4638 0x000002e4f816ce08 code [0x000002e4f816cf00, 0x000002e4f816cfb0]
Event: 94.401 Thread 0x000002e4ff82f020 4639       1       java.util.concurrent.ThreadPoolExecutor::getQueue (5 bytes)
Event: 94.401 Thread 0x000002e4ff82f020 nmethod 4639 0x000002e4f816cb08 code [0x000002e4f816cc00, 0x000002e4f816ccc8]

GC Heap Usage History (10 events):
Event: 0.474 {heap Before GC invocations=0 (full 0):
 garbage-first heap   total reserved 3043328K, committed 192512K, used 48277K [0x0000000746400000, 0x0000000800000000)
  region size 2048K, 24 young (49152K), 0 survivors (0K)
}
Event: 0.478 {heap After GC invocations=1 (full 0):
 garbage-first heap   total reserved 3043328K, committed 192512K, used 9625K [0x0000000746400000, 0x0000000800000000)
  region size 2048K, 3 young (6144K), 3 survivors (6144K)
}
Event: 0.783 {heap Before GC invocations=1 (full 0):
 garbage-first heap   total reserved 3043328K, committed 192512K, used 56729K [0x0000000746400000, 0x0000000800000000)
  region size 2048K, 27 young (55296K), 3 survivors (6144K)
}
Event: 0.788 {heap After GC invocations=2 (full 0):
 garbage-first heap   total reserved 3043328K, committed 192512K, used 13352K [0x0000000746400000, 0x0000000800000000)
  region size 2048K, 6 young (12288K), 6 survivors (12288K)
}
Event: 1.075 {heap Before GC invocations=3 (full 0):
 garbage-first heap   total reserved 3043328K, committed 55296K, used 52264K [0x0000000746400000, 0x0000000800000000)
  region size 2048K, 25 young (51200K), 6 survivors (12288K)
}
Event: 1.079 {heap After GC invocations=4 (full 0):
 garbage-first heap   total reserved 3043328K, committed 71680K, used 15963K [0x0000000746400000, 0x0000000800000000)
  region size 2048K, 5 young (10240K), 5 survivors (10240K)
}
Event: 1.247 {heap Before GC invocations=4 (full 0):
 garbage-first heap   total reserved 3043328K, committed 71680K, used 46683K [0x0000000746400000, 0x0000000800000000)
  region size 2048K, 20 young (40960K), 5 survivors (10240K)
}
Event: 1.251 {heap After GC invocations=5 (full 0):
 garbage-first heap   total reserved 3043328K, committed 71680K, used 18413K [0x0000000746400000, 0x0000000800000000)
  region size 2048K, 2 young (4096K), 2 survivors (4096K)
}
Event: 1.347 {heap Before GC invocations=5 (full 0):
 garbage-first heap   total reserved 3043328K, committed 71680K, used 32749K [0x0000000746400000, 0x0000000800000000)
  region size 2048K, 10 young (20480K), 2 survivors (4096K)
}
Event: 1.349 {heap After GC invocations=6 (full 0):
 garbage-first heap   total reserved 3043328K, committed 71680K, used 19867K [0x0000000746400000, 0x0000000800000000)
  region size 2048K, 3 young (6144K), 3 survivors (6144K)
}

Metaspace Usage History (10 events):
Event: 0.474 {metaspace Before GC invocations=0 (full 0):
 Metaspace       used 12811K, committed 13056K, reserved 1114112K
  class space    used 1345K, committed 1472K, reserved 1048576K
}
Event: 0.478 {metaspace After GC invocations=1 (full 0):
 Metaspace       used 12811K, committed 13056K, reserved 1114112K
  class space    used 1345K, committed 1472K, reserved 1048576K
}
Event: 0.783 {metaspace Before GC invocations=1 (full 0):
 Metaspace       used 21290K, committed 21504K, reserved 1114112K
  class space    used 2251K, committed 2368K, reserved 1048576K
}
Event: 0.788 {metaspace After GC invocations=2 (full 0):
 Metaspace       used 21290K, committed 21504K, reserved 1114112K
  class space    used 2251K, committed 2368K, reserved 1048576K
}
Event: 1.075 {metaspace Before GC invocations=3 (full 0):
 Metaspace       used 27996K, committed 28352K, reserved 1114112K
  class space    used 3097K, committed 3264K, reserved 1048576K
}
Event: 1.079 {metaspace After GC invocations=4 (full 0):
 Metaspace       used 27996K, committed 28352K, reserved 1114112K
  class space    used 3097K, committed 3264K, reserved 1048576K
}
Event: 1.247 {metaspace Before GC invocations=4 (full 0):
 Metaspace       used 33396K, committed 33728K, reserved 1114112K
  class space    used 3817K, committed 3968K, reserved 1048576K
}
Event: 1.251 {metaspace After GC invocations=5 (full 0):
 Metaspace       used 33396K, committed 33728K, reserved 1114112K
  class space    used 3817K, committed 3968K, reserved 1048576K
}
Event: 1.347 {metaspace Before GC invocations=5 (full 0):
 Metaspace       used 35526K, committed 35968K, reserved 1114112K
  class space    used 4070K, committed 4288K, reserved 1048576K
}
Event: 1.349 {metaspace After GC invocations=6 (full 0):
 Metaspace       used 35526K, committed 35968K, reserved 1114112K
  class space    used 4070K, committed 4288K, reserved 1048576K
}

Dll operation events (13 events):
Event: 0.007 Loaded shared library C:\Program Files\Java\jdk-25\bin\java.dll
Event: 0.057 Loaded shared library C:\Program Files\Java\jdk-25\bin\zip.dll
Event: 0.059 Loaded shared library C:\Program Files\Java\jdk-25\bin\instrument.dll
Event: 0.061 Loaded shared library C:\Program Files\Java\jdk-25\bin\net.dll
Event: 0.062 Loaded shared library C:\Program Files\Java\jdk-25\bin\nio.dll
Event: 0.064 Loaded shared library C:\Program Files\Java\jdk-25\bin\zip.dll
Event: 0.092 Loaded shared library C:\Program Files\Java\jdk-25\bin\jimage.dll
Event: 0.099 Loaded shared library C:\Program Files\Java\jdk-25\bin\extnet.dll
Event: 0.103 Loaded shared library C:\Program Files\Java\jdk-25\bin\management.dll
Event: 0.109 Loaded shared library C:\Program Files\Java\jdk-25\bin\management_ext.dll
Event: 0.578 Loaded shared library C:\Program Files\Java\jdk-25\bin\sunmscapi.dll
Event: 65.278 Loaded shared library C:\Windows\Temp\idea_libasyncProfiler_dll_temp_folder\libasyncProfiler.dll
Event: 65.298 Unloaded dll "C:\Windows\Temp\idea_libasyncProfiler_dll_temp_folder\libasyncProfiler.dll" [0x00007ff81f070000]

Deoptimization events (10 events):
Event: 0.861 Thread 0x000002e4ef552f40 DEOPT PACKING pc=0x000002e4f8488104 sp=0x000000f36b6fde50
Event: 0.861 Thread 0x000002e4ef552f40 DEOPT UNPACKING pc=0x000002e4f7e212a2 sp=0x000000f36b6fd3f8 mode 0
Event: 0.861 Thread 0x000002e4ef552f40 DEOPT PACKING pc=0x000002e4f844865c sp=0x000000f36b6fe050
Event: 0.861 Thread 0x000002e4ef552f40 DEOPT UNPACKING pc=0x000002e4f7e212a2 sp=0x000000f36b6fd510 mode 0
Event: 1.014 Thread 0x000002e487002d00 DEOPT PACKING pc=0x000002e4f8289ee1 sp=0x000000f36d7fec70
Event: 1.014 Thread 0x000002e487002d00 DEOPT UNPACKING pc=0x000002e4f7e212a2 sp=0x000000f36d7fe0c8 mode 3
Event: 1.014 Thread 0x000002e4ef552f40 DEOPT PACKING pc=0x000002e4f82be9e6 sp=0x000000f36b6febf0
Event: 1.014 Thread 0x000002e4ef552f40 DEOPT UNPACKING pc=0x000002e4f7e212a2 sp=0x000000f36b6fe080 mode 3
Event: 1.316 Thread 0x000002e4ef552f40 DEOPT PACKING pc=0x000002e4f821f8b4 sp=0x000000f36b6f9d50
Event: 1.316 Thread 0x000002e4ef552f40 DEOPT UNPACKING pc=0x000002e4f7e212a2 sp=0x000000f36b6f9248 mode 0

Classes loaded (20 events):
Event: 65.297 Loading class jdk/jfr/internal/LogLevel
Event: 65.297 Loading class jdk/jfr/internal/LogLevel done
Event: 65.297 Loading class jdk/jfr/internal/Logger
Event: 65.297 Loading class jdk/jfr/internal/Logger done
Event: 65.297 Loading class sun/nio/fs/WindowsFileSystemProvider$1
Event: 65.297 Loading class sun/nio/fs/WindowsFileSystemProvider$1 done
Event: 65.297 Loading class sun/nio/fs/WindowsAclFileAttributeView
Event: 65.298 Loading class sun/nio/fs/AbstractAclFileAttributeView
Event: 65.298 Loading class java/nio/file/attribute/AclFileAttributeView
Event: 65.298 Loading class java/nio/file/attribute/FileOwnerAttributeView
Event: 65.298 Loading class java/nio/file/attribute/FileOwnerAttributeView done
Event: 65.298 Loading class java/nio/file/attribute/AclFileAttributeView done
Event: 65.298 Loading class sun/nio/fs/AbstractAclFileAttributeView done
Event: 65.298 Loading class sun/nio/fs/WindowsAclFileAttributeView done
Event: 65.298 Loading class java/lang/Throwable$WrappedPrintStream
Event: 65.298 Loading class java/lang/Throwable$PrintStreamOrWriter
Event: 65.298 Loading class java/lang/Throwable$PrintStreamOrWriter done
Event: 65.298 Loading class java/lang/Throwable$WrappedPrintStream done
Event: 95.779 Loading class jdk/internal/misc/Signal$1
Event: 95.779 Loading class jdk/internal/misc/Signal$1 done

Classes unloaded (0 events):
No events

Classes redefined (0 events):
No events

Internal exceptions (20 events):
Event: 1.099 Thread 0x000002e487078370 Exception <a 'java/lang/NoSuchMethodError'{0x000000074e00fb90}: 'java.lang.Object java.lang.invoke.DirectMethodHandle$Holder.invokeStatic(java.lang.Object, java.lang.Object, long)'> (0x000000074e00fb90) 
thrown [s\open\src\hotspot\share\interpreter\linkResolver.cpp, line 804]
Event: 1.105 Thread 0x000002e487078370 Exception <a 'java/lang/NoSuchMethodError'{0x000000074e10ab80}: 'void java.lang.invoke.DirectMethodHandle$Holder.invokeStatic(java.lang.Object, java.lang.Object, long)'> (0x000000074e10ab80) 
thrown [s\open\src\hotspot\share\interpreter\linkResolver.cpp, line 804]
Event: 1.122 Thread 0x000002e4ef552f40 Exception <a 'java/lang/IncompatibleClassChangeError'{0x000000074df44f48}: Found class java.lang.Object, but interface was expected> (0x000000074df44f48) 
thrown [s\open\src\hotspot\share\interpreter\linkResolver.cpp, line 871]
Event: 1.125 Thread 0x000002e4ef552f40 Exception <a 'java/lang/NoSuchMethodError'{0x000000074dfdb1d8}: 'java.lang.Object java.lang.invoke.DirectMethodHandle$Holder.newInvokeSpecial(java.lang.Object, java.lang.Object, java.lang.Object, int, int)'> (0x000000074dfdb1d8) 
thrown [s\open\src\hotspot\share\interpreter\linkResolver.cpp, line 804]
Event: 1.132 Thread 0x000002e4ef552f40 Exception <a 'java/lang/IncompatibleClassChangeError'{0x000000074dd18a18}: Found class java.lang.Object, but interface was expected> (0x000000074dd18a18) 
thrown [s\open\src\hotspot\share\interpreter\linkResolver.cpp, line 871]
Event: 1.144 Thread 0x000002e4ef552f40 Exception <a 'java/lang/IncompatibleClassChangeError'{0x000000074daf34b8}: Found class java.lang.Object, but interface was expected> (0x000000074daf34b8) 
thrown [s\open\src\hotspot\share\interpreter\linkResolver.cpp, line 871]
Event: 1.233 Thread 0x000002e4ef552f40 Exception <a 'java/lang/NoSuchMethodError'{0x0000000747d85768}: 'int java.lang.invoke.DirectMethodHandle$Holder.invokeVirtual(java.lang.Object, java.lang.Object, java.lang.Object)'> (0x0000000747d85768) 
thrown [s\open\src\hotspot\share\interpreter\linkResolver.cpp, line 804]
Event: 1.233 Thread 0x000002e4ef552f40 Exception <a 'java/lang/IncompatibleClassChangeError'{0x0000000747db97c0}: Found class java.lang.Object, but interface was expected> (0x0000000747db97c0) 
thrown [s\open\src\hotspot\share\interpreter\linkResolver.cpp, line 871]
Event: 1.241 Thread 0x000002e4ef552f40 Exception <a 'java/lang/NoSuchMethodError'{0x0000000747b25608}: 'void java.lang.invoke.Invokers$Holder.invokeExact_MT(java.lang.Object, java.lang.Object, java.lang.Object, java.lang.Object)'> (0x0000000747b25608) 
thrown [s\open\src\hotspot\share\interpreter\linkResolver.cpp, line 804]
Event: 1.262 Thread 0x000002e4ef552f40 Exception <a 'java/lang/NoSuchMethodError'{0x00000007fff791a8}: 'java.lang.Object java.lang.invoke.DirectMethodHandle$Holder.invokeStatic(java.lang.Object, java.lang.Object, int, java.lang.Object)'> (0x00000007fff791a8) 
thrown [s\open\src\hotspot\share\interpreter\linkResolver.cpp, line 804]
Event: 1.262 Thread 0x000002e4ef552f40 Exception <a 'java/lang/NoSuchMethodError'{0x00000007fff89620}: 'java.lang.Object java.lang.invoke.DirectMethodHandle$Holder.newInvokeSpecial(java.lang.Object, java.lang.Object, int)'> (0x00000007fff89620) 
thrown [s\open\src\hotspot\share\interpreter\linkResolver.cpp, line 804]
Event: 1.276 Thread 0x000002e4ef552f40 Exception <a 'java/lang/NoSuchMethodError'{0x0000000751d63110}: 'java.lang.Object java.lang.invoke.DirectMethodHandle$Holder.newInvokeSpecial(java.lang.Object, java.lang.Object, java.lang.Object, java.lang.Object, java.lang.Object, java.lang.Object, java.lang.Object, java.lang.Object)'> (0x0000000751d63110) 
thrown [s\open\src\hotspot\share\interpreter\linkResolver.cpp, line 804]
Event: 1.282 Thread 0x000002e4ef552f40 Exception <a 'java/io/IOException'{0x000000074e485a68}> (0x000000074e485a68) 
thrown [s\open\src\hotspot\share\prims\jni.cpp, line 516]
Event: 1.332 Thread 0x000002e4ef552f40 Exception <a 'java/lang/IncompatibleClassChangeError'{0x000000074df9fc90}: Found class java.lang.Object, but interface was expected> (0x000000074df9fc90) 
thrown [s\open\src\hotspot\share\interpreter\linkResolver.cpp, line 871]
Event: 1.360 Thread 0x000002e4ef552f40 Exception <a 'java/lang/NoSuchMethodError'{0x00000007ffedd598}: 'int java.lang.invoke.DirectMethodHandle$Holder.invokeStaticInit(java.lang.Object, java.lang.Object, java.lang.Object, java.lang.Object)'> (0x00000007ffedd598) 
thrown [s\open\src\hotspot\share\interpreter\linkResolver.cpp, line 804]
Event: 1.372 Thread 0x000002e4ef552f40 Exception <a 'java/lang/NoSuchMethodError'{0x0000000751c6f6b8}: 'java.lang.Object java.lang.invoke.DirectMethodHandle$Holder.invokeStatic(java.lang.Object, java.lang.Object, java.lang.Object, java.lang.Object, java.lang.Object, java.lang.Object, java.lang.Object, java.lang.Object, java.lang.Object)'> (0x0000000751c6f6b8) 
thrown [s\open\src\hotspot\share\interpreter\linkResolver.cpp, line 804]
Event: 1.392 Thread 0x000002e4ef552f40 Exception <a 'java/lang/NoSuchMethodError'{0x000000074e5c0bb8}: 'java.lang.Object java.lang.invoke.DirectMethodHandle$Holder.newInvokeSpecial(java.lang.Object, java.lang.Object, int, java.lang.Object, java.lang.Object)'> (0x000000074e5c0bb8) 
thrown [s\open\src\hotspot\share\interpreter\linkResolver.cpp, line 804]
Event: 61.060 Thread 0x000002e48704bef0 Exception <a 'java/lang/NoSuchMethodError'{0x000000074e14df50}: 'java.lang.Object java.lang.invoke.DirectMethodHandle$Holder.newInvokeSpecial(java.lang.Object, java.lang.Object, long)'> (0x000000074e14df50) 
thrown [s\open\src\hotspot\share\interpreter\linkResolver.cpp, line 804]
Event: 61.060 Thread 0x000002e48704bef0 Exception <a 'java/lang/NoSuchMethodError'{0x000000074e151e60}: 'java.lang.Object java.lang.invoke.Invokers$Holder.linkToTargetMethod(java.lang.Object, long, java.lang.Object)'> (0x000000074e151e60) 
thrown [s\open\src\hotspot\share\interpreter\linkResolver.cpp, line 804]
Event: 65.298 Thread 0x000002e4ff820ea0 Exception <a 'sun/nio/fs/WindowsException'{0x000000074e1f5828}> (0x000000074e1f5828) 
thrown [s\open\src\hotspot\share\prims\jni.cpp, line 516]

VM Operations (20 events):
Event: 1.315 Executing non-safepoint VM operation: HandshakeAllThreads (Deoptimize)
Event: 1.316 Executing non-safepoint VM operation: HandshakeAllThreads (Deoptimize) done
Event: 1.335 Executing non-safepoint VM operation: HandshakeAllThreads (Deoptimize)
Event: 1.335 Executing non-safepoint VM operation: HandshakeAllThreads (Deoptimize) done
Event: 1.347 Executing safepoint VM operation: CollectForMetadataAllocation (Metadata GC Threshold)
Event: 1.349 Executing safepoint VM operation: CollectForMetadataAllocation (Metadata GC Threshold) done
Event: 1.350 Executing non-safepoint VM operation: HandshakeAllThreads (Deoptimize)
Event: 1.350 Executing non-safepoint VM operation: HandshakeAllThreads (Deoptimize) done
Event: 1.355 Executing safepoint VM operation: G1PauseRemark
Event: 1.356 Executing safepoint VM operation: G1PauseRemark done
Event: 1.358 Executing safepoint VM operation: G1PauseCleanup
Event: 1.358 Executing safepoint VM operation: G1PauseCleanup done
Event: 60.128 Executing non-safepoint VM operation: HandshakeAllThreads (HandshakeForDeflation)
Event: 60.128 Executing non-safepoint VM operation: HandshakeAllThreads (HandshakeForDeflation) done
Event: 60.128 Executing non-safepoint VM operation: RendezvousGCThreads
Event: 60.128 Executing non-safepoint VM operation: RendezvousGCThreads done
Event: 76.664 Executing safepoint VM operation: PrintThreads
Event: 76.672 Executing safepoint VM operation: PrintThreads done
Event: 76.672 Executing safepoint VM operation: FindDeadlocks
Event: 76.673 Executing safepoint VM operation: FindDeadlocks done

Memory protections (0 events):
No events

Nmethod flushes (20 events):
Event: 1.356 Thread 0x000002e4ff8063d0 flushing  nmethod 0x000002e4f80f5688
Event: 1.356 Thread 0x000002e4ff8063d0 flushing  nmethod 0x000002e4f81d1b88
Event: 1.356 Thread 0x000002e4ff8063d0 flushing  nmethod 0x000002e4f81d4188
Event: 1.356 Thread 0x000002e4ff8063d0 flushing  nmethod 0x000002e4f82aec08
Event: 1.356 Thread 0x000002e4ff8063d0 flushing  nmethod 0x000002e4f82af988
Event: 1.356 Thread 0x000002e4ff8063d0 flushing  nmethod 0x000002e4f82c6b88
Event: 1.356 Thread 0x000002e4ff8063d0 flushing  nmethod 0x000002e4f7f98388
Event: 1.356 Thread 0x000002e4ff8063d0 flushing  nmethod 0x000002e4f7f98e08
Event: 1.356 Thread 0x000002e4ff8063d0 flushing  nmethod 0x000002e4f8051e08
Event: 1.356 Thread 0x000002e4ff8063d0 flushing  nmethod 0x000002e4f8052808
Event: 1.356 Thread 0x000002e4ff8063d0 flushing  nmethod 0x000002e4f8053c88
Event: 1.356 Thread 0x000002e4ff8063d0 flushing  nmethod 0x000002e4f80abf08
Event: 1.356 Thread 0x000002e4ff8063d0 flushing  nmethod 0x000002e4f80f4a88
Event: 1.356 Thread 0x000002e4ff8063d0 flushing  nmethod 0x000002e4f825ad88
Event: 1.356 Thread 0x000002e4ff8063d0 flushing  nmethod 0x000002e4f8338388
Event: 1.356 Thread 0x000002e4ff8063d0 flushing  nmethod 0x000002e4f841d908
Event: 1.356 Thread 0x000002e4ff8063d0 flushing  nmethod 0x000002e4f80e0508
Event: 1.356 Thread 0x000002e4ff8063d0 flushing  nmethod 0x000002e4f818e788
Event: 1.356 Thread 0x000002e4ff8063d0 flushing  nmethod 0x000002e4f8191508
Event: 1.356 Thread 0x000002e4ff8063d0 flushing  nmethod 0x000002e4f83a2688

Events (20 events):
Event: 1.105 Thread 0x000002e487078370 Thread added: 0x000002e486ed6eb0
Event: 1.395 Thread 0x000002e4ef552f40 Thread added: 0x000002e4870eca40
Event: 1.395 Thread 0x000002e4ef552f40 Thread added: 0x000002e4870ed210
Event: 1.395 Thread 0x000002e4ef552f40 Thread added: 0x000002e4870ea330
Event: 1.395 Thread 0x000002e4ef552f40 Thread added: 0x000002e4870eab00
Event: 1.395 Thread 0x000002e4ef552f40 Thread added: 0x000002e4870eb2d0
Event: 1.395 Thread 0x000002e4ef552f40 Thread added: 0x000002e4870ec270
Event: 1.396 Thread 0x000002e4ef552f40 Thread added: 0x000002e4873bbc30
Event: 1.396 Thread 0x000002e4ef552f40 Thread added: 0x000002e4873b9520
Event: 1.396 Thread 0x000002e4ef552f40 Thread added: 0x000002e4873bac90
Event: 1.396 Thread 0x000002e4ef552f40 Thread added: 0x000002e4873bd3a0
Event: 1.400 Thread 0x000002e4ef552f40 Thread added: 0x000002e4873c0a50
Event: 1.401 Thread 0x000002e4ef552f40 Thread added: 0x000002e4873bdb70
Event: 1.406 Thread 0x000002e4ef552f40 Thread exited: 0x000002e4ef552f40
Event: 1.406 Thread 0x000002e487441060 Thread added: 0x000002e487441060
Event: 3.403 Thread 0x000002e4864e0570 Thread exited: 0x000002e4864e0570
Event: 9.402 Thread 0x000002e4ff996630 Thread exited: 0x000002e4ff996630
Event: 16.108 Thread 0x000002e4ff886200 Thread exited: 0x000002e4ff886200
Event: 81.025 Thread 0x000002e4ff82f020 Thread added: 0x000002e486b65650
Event: 83.401 Thread 0x000002e486b65650 Thread exited: 0x000002e486b65650


Dynamic libraries:
0x00007ff7d2e50000 - 0x00007ff7d2e60000 	C:\Program Files\Java\jdk-25\bin\java.exe
0x00007ff87d300000 - 0x00007ff87d567000 	C:\Windows\SYSTEM32\ntdll.dll
0x00007ff87b2e0000 - 0x00007ff87b3a9000 	C:\Windows\System32\KERNEL32.DLL
0x00007ff87aca0000 - 0x00007ff87b08f000 	C:\Windows\System32\KERNELBASE.dll
0x00007ff87aaa0000 - 0x00007ff87abeb000 	C:\Windows\System32\ucrtbase.dll
0x00007ff86d5a0000 - 0x00007ff86d5b7000 	C:\Program Files\Java\jdk-25\bin\jli.dll
0x00007ff86d460000 - 0x00007ff86d47e000 	C:\Program Files\Java\jdk-25\bin\VCRUNTIME140.dll
0x00007ff87d040000 - 0x00007ff87d205000 	C:\Windows\System32\USER32.dll
0x00007ff87aa70000 - 0x00007ff87aa97000 	C:\Windows\System32\win32u.dll
0x00007ff868f00000 - 0x00007ff869193000 	C:\Windows\WinSxS\amd64_microsoft.windows.common-controls_6595b64144ccf1df_6.0.26100.7309_none_3e05feeae336a044\COMCTL32.dll
0x00007ff87ce00000 - 0x00007ff87ce2b000 	C:\Windows\System32\GDI32.dll
0x00007ff87b8f0000 - 0x00007ff87b999000 	C:\Windows\System32\msvcrt.dll
0x00007ff87a940000 - 0x00007ff87aa6c000 	C:\Windows\System32\gdi32full.dll
0x00007ff87a740000 - 0x00007ff87a7e3000 	C:\Windows\System32\msvcp_win.dll
0x00007ff87ce30000 - 0x00007ff87ce61000 	C:\Windows\System32\IMM32.DLL
0x00007ff86d590000 - 0x00007ff86d59c000 	C:\Program Files\Java\jdk-25\bin\vcruntime140_1.dll
0x00007ff86d3d0000 - 0x00007ff86d45d000 	C:\Program Files\Java\jdk-25\bin\msvcp140.dll
0x00007ff821c40000 - 0x00007ff822a9f000 	C:\Program Files\Java\jdk-25\bin\server\jvm.dll
0x00007ff87cf80000 - 0x00007ff87d034000 	C:\Windows\System32\ADVAPI32.dll
0x00007ff87d210000 - 0x00007ff87d2b6000 	C:\Windows\System32\sechost.dll
0x00007ff87c7d0000 - 0x00007ff87c8e8000 	C:\Windows\System32\RPCRT4.dll
0x00007ff87b0a0000 - 0x00007ff87b114000 	C:\Windows\System32\WS2_32.dll
0x00007ff87a2b0000 - 0x00007ff87a30e000 	C:\Windows\SYSTEM32\POWRPROF.dll
0x00007ff86dc00000 - 0x00007ff86dc35000 	C:\Windows\SYSTEM32\WINMM.dll
0x00007ff873580000 - 0x00007ff87358b000 	C:\Windows\SYSTEM32\VERSION.dll
0x00007ff87a290000 - 0x00007ff87a2a4000 	C:\Windows\SYSTEM32\UMPDC.dll
0x00007ff8791c0000 - 0x00007ff8791db000 	C:\Windows\SYSTEM32\kernel.appcore.dll
0x00007ff86d3c0000 - 0x00007ff86d3ca000 	C:\Program Files\Java\jdk-25\bin\jimage.dll
0x00007ff872810000 - 0x00007ff872a52000 	C:\Windows\SYSTEM32\DBGHELP.DLL
0x00007ff87b3c0000 - 0x00007ff87b746000 	C:\Windows\System32\combase.dll
0x00007ff87bf00000 - 0x00007ff87bfd6000 	C:\Windows\System32\OLEAUT32.dll
0x00007ff863860000 - 0x00007ff86389c000 	C:\Windows\SYSTEM32\dbgcore.DLL
0x00007ff87abf0000 - 0x00007ff87ac95000 	C:\Windows\System32\bcryptPrimitives.dll
0x00007ff86d390000 - 0x00007ff86d3a0000 	C:\Program Files\Java\jdk-25\bin\instrument.dll
0x00007ff86d3a0000 - 0x00007ff86d3bf000 	C:\Program Files\Java\jdk-25\bin\java.dll
0x00007ff87b750000 - 0x00007ff87b8e7000 	C:\Windows\System32\ole32.dll
0x00007ff87bfe0000 - 0x00007ff87c733000 	C:\Windows\System32\SHELL32.dll
0x00007ff87a5d0000 - 0x00007ff87a73a000 	C:\Windows\System32\wintypes.dll
0x00007ff878030000 - 0x00007ff87888e000 	C:\Windows\SYSTEM32\windows.storage.dll
0x00007ff87b9a0000 - 0x00007ff87ba94000 	C:\Windows\System32\SHCORE.dll
0x00007ff87b130000 - 0x00007ff87b196000 	C:\Windows\System32\shlwapi.dll
0x00007ff87a370000 - 0x00007ff87a399000 	C:\Windows\SYSTEM32\profapi.dll
0x00007ff86c6d0000 - 0x00007ff86c6e7000 	C:\Program Files\Java\jdk-25\bin\zip.dll
0x00007ff86cb40000 - 0x00007ff86cb52000 	C:\Program Files\Java\jdk-25\bin\net.dll
0x00007ff879710000 - 0x00007ff87977b000 	C:\Windows\system32\mswsock.dll
0x00007ff86cb20000 - 0x00007ff86cb36000 	C:\Program Files\Java\jdk-25\bin\nio.dll
0x00007ff878c40000 - 0x00007ff878d6c000 	C:\Windows\SYSTEM32\DNSAPI.dll
0x00007ff878bb0000 - 0x00007ff878be4000 	C:\Windows\SYSTEM32\IPHLPAPI.DLL
0x00007ff87b120000 - 0x00007ff87b12a000 	C:\Windows\System32\NSI.dll
0x00007ff86cb90000 - 0x00007ff86cb99000 	C:\Program Files\Java\jdk-25\bin\extnet.dll
0x00007ff870e90000 - 0x00007ff870e9b000 	C:\Windows\System32\rasadhlp.dll
0x00007ff8734f0000 - 0x00007ff873576000 	C:\Windows\System32\fwpuclnt.dll
0x00007ff86c6c0000 - 0x00007ff86c6ca000 	C:\Program Files\Java\jdk-25\bin\management.dll
0x00007ff86c6b0000 - 0x00007ff86c6bc000 	C:\Program Files\Java\jdk-25\bin\management_ext.dll
0x00007ff87b1a0000 - 0x00007ff87b1a8000 	C:\Windows\System32\PSAPI.DLL
0x00007ff879b00000 - 0x00007ff879b1b000 	C:\Windows\SYSTEM32\CRYPTSP.dll
0x00007ff879120000 - 0x00007ff87915a000 	C:\Windows\system32\rsaenh.dll
0x00007ff8797c0000 - 0x00007ff8797eb000 	C:\Windows\SYSTEM32\USERENV.dll
0x00007ff87a340000 - 0x00007ff87a36a000 	C:\Windows\SYSTEM32\bcrypt.dll
0x00007ff879960000 - 0x00007ff87996c000 	C:\Windows\SYSTEM32\CRYPTBASE.dll
0x00007ff85e8d0000 - 0x00007ff85e8e8000 	C:\Windows\system32\napinsp.dll
0x00007ff85e8b0000 - 0x00007ff85e8c2000 	C:\Windows\System32\winrnr.dll
0x00007ff85e850000 - 0x00007ff85e872000 	C:\Windows\system32\nlansp_c.dll
0x00007ff85e830000 - 0x00007ff85e846000 	C:\Windows\system32\wshbth.dll
0x00007ff86c6a0000 - 0x00007ff86c6ae000 	C:\Program Files\Java\jdk-25\bin\sunmscapi.dll
0x00007ff87a450000 - 0x00007ff87a5c7000 	C:\Windows\System32\CRYPT32.dll
0x00007ff879c50000 - 0x00007ff879c80000 	C:\Windows\SYSTEM32\ncrypt.dll
0x00007ff879c00000 - 0x00007ff879c3f000 	C:\Windows\SYSTEM32\NTASN1.dll
0x00007ff82ab50000 - 0x00007ff82ab58000 	C:\Windows\system32\wshunix.dll

JVMTI agents:
D:\JavaFiles\IntelliJ IDEA 2025.3.1\lib\idea_rt.jar path:C:\Program Files\Java\jdk-25\bin\instrument.dll, loaded, initialized, instrumentlib options:57542

dbghelp: loaded successfully - version: 4.0.5 - missing functions: none
symbol engine: initialized successfully - sym options: 0x614 - pdb path: .;C:\Program Files\Java\jdk-25\bin;C:\Windows\SYSTEM32;C:\Windows\WinSxS\amd64_microsoft.windows.common-controls_6595b64144ccf1df_6.0.26100.7309_none_3e05feeae336a044;C:\Program Files\Java\jdk-25\bin\server;C:\Windows\Temp\idea_libasyncProfiler_dll_temp_folder

VM Arguments:
jvm_args: -XX:TieredStopAtLevel=1 -Dspring.output.ansi.enabled=always -Dcom.sun.management.jmxremote -Dspring.jmx.enabled=true -Dspring.liveBeansView.mbeanDomain -Dspring.application.admin.enabled=true -Dmanagement.endpoints.jmx.exposure.include=* -javaagent:D:\JavaFiles\IntelliJ IDEA 2025.3.1\lib\idea_rt.jar=57542 -Dfile.encoding=UTF-8 -Dsun.stdout.encoding=UTF-8 -Dsun.stderr.encoding=UTF-8 
java_command: net.Soumik.Paul.PaulApplication
java_class_path (initial): D:\Paul\target\classes;C:\Users\USER\.m2\repository\org\springframework\boot\spring-boot-starter-web\3.5.9\spring-boot-starter-web-3.5.9.jar;C:\Users\USER\.m2\repository\org\springframework\boot\spring-boot-starter\3.5.9\spring-boot-starter-3.5.9.jar;C:\Users\USER\.m2\repository\org\springframework\boot\spring-boot\3.5.9\spring-boot-3.5.9.jar;C:\Users\USER\.m2\repository\org\springframework\boot\spring-boot-autoconfigure\3.5.9\spring-boot-autoconfigure-3.5.9.jar;C:\Users\USER\.m2\repository\org\springframework\boot\spring-boot-starter-logging\3.5.9\spring-boot-starter-logging-3.5.9.jar;C:\Users\USER\.m2\repository\ch\qos\logback\logback-classic\1.5.22\logback-classic-1.5.22.jar;C:\Users\USER\.m2\repository\ch\qos\logback\logback-core\1.5.22\logback-core-1.5.22.jar;C:\Users\USER\.m2\repository\org\apache\logging\log4j\log4j-to-slf4j\2.24.3\log4j-to-slf4j-2.24.3.jar;C:\Users\USER\.m2\repository\org\apache\logging\log4j\log4j-api\2.24.3\log4j-api-2.24.3.jar;C:\Users\USER\.m2\repository\org\slf4j\jul-to-slf4j\2.0.17\jul-to-slf4j-2.0.17.jar;C:\Users\USER\.m2\repository\jakarta\annotation\jakarta.annotation-api\2.1.1\jakarta.annotation-api-2.1.1.jar;C:\Users\USER\.m2\repository\org\yaml\snakeyaml\2.4\snakeyaml-2.4.jar;C:\Users\USER\.m2\repository\org\springframework\boot\spring-boot-starter-json\3.5.9\spring-boot-starter-json-3.5.9.jar;C:\Users\USER\.m2\repository\com\fasterxml\jackson\core\jackson-databind\2.19.4\jackson-databind-2.19.4.jar;C:\Users\USER\.m2\repository\com\fasterxml\jackson\core\jackson-annotations\2.19.4\jackson-annotations-2.19.4.jar;C:\Users\USER\.m2\repository\com\fasterxml\jackson\core\jackson-core\2.19.4\jackson-core-2.19.4.jar;C:\Users\USER\.m2\repository\com\fasterxml\jackson\datatype\jackson-datatype-jdk8\2.19.4\jackson-datatype-jdk8-2.19.4.jar;C:\Users\USER\.m2\repository\com\fasterxml\jackson\datatype\jackson-datatype-jsr310\2.19.4\jackson-datatype-jsr310-2.19.4.jar;C:\Users\USER\.m2\repository\com\fasterxml\jackson\module\jackson-module-parameter-names\2.19.4\jackson-module-parameter-names-2.19.4.jar;C:\Users\USER\.m2\repository\org\springframework\boot\spring-boot-starter-tomcat\3.5.9\spring-boot-starter-tomcat-3.5.9.jar;C:\Users\USER\.m2\repository\org\apache\tomcat\embed\tomcat-embed-core\10.1.50\tomcat-embed-core-10.1.50.jar;C:\Users\USER\.m2\repository\org\apache\tomcat\embed\tomcat-embed-el\10.1.50\tomcat-embed-el-10.1.50.jar;C:\Users\USER\.m2\repository\org\apache\tomcat\embed\tomcat-embed-websocket\10.1.50\tomcat-embed-websocket-10.1.50.jar;C:\Users\USER\.m2\repository\org\springframework\spring-web\6.2.15\spring-web-6.2.15.jar;C:\Users\USER\.m2\repository\org\springframework\spring-beans\6.2.15\spring-beans-6.2.15.jar;C:\Users\USER\.m2\repository\io\micrometer\micrometer-observation\1.15.7\micrometer-observation-1.15.7.jar;C:\Users\USER\.m2\repository\io\micrometer\micrometer-commons\1.15.7\micrometer-commons-1.15.7.jar;C:\Users\USER\.m2\repository\org\springframework\spring-webmvc\6.2.15\spring-webmvc-6.2.15.jar;C:\Users\USER\.m2\repository\org\springframework\spring-aop\6.2.15\spring-aop-6.2.15.jar;C:\Users\USER\.m2\repository\org\springframework\spring-context\6.2.15\spring-context-6.2.15.jar;C:\Users\USER\.m2\repository\org\springframework\spring-expression\6.2.15\spring-expression-6.2.15.jar;C:\Users\USER\.m2\repository\org\springframework\boot\spring-boot-starter-data-mongodb\3.5.9\spring-boot-starter-data-mongodb-3.5.9.jar;C:\Users\USER\.m2\repository\org\mongodb\mongodb-driver-sync\5.5.2\mongodb-driver-sync-5.5.2.jar;C:\Users\USER\.m2\repository\org\mongodb\bson\5.5.2\bson-5.5.2.jar;C:\Users\USER\.m2\repository\org\mongodb\mongodb-driver-core\5.5.2\mongodb-driver-core-5.5.2.jar;C:\Users\USER\.m2\repository\org\mongodb\bson-record-codec\5.5.2\bson-record-codec-5.5.2.jar;C:\Users\USER\.m2\repository\org\springframework\data\spring-data-mongodb\4.5.7\spring-data-mongodb-4.5.7.jar;C:\Users\USER\.m2\repository\org\springframework\spring-tx\6.2.15\spring-tx-6.2.15.jar;C:\Users\USER\.m2\repository\org\springframework\data\spring-data-commons\3.5.7\spring-data-commons-3.5.7.jar;C:\Users\USER\.m2\repository\org\slf4j\slf4j-api\2.0.17\slf4j-api-2.0.17.jar;C:\Users\USER\.m2\repository\org\springframework\spring-core\6.2.15\spring-core-6.2.15.jar;C:\Users\USER\.m2\repository\org\springframework\spring-jcl\6.2.15\spring-jcl-6.2.15.jar;C:\Users\USER\.m2\repository\org\projectlombok\lombok\1.18.42\lombok-1.18.42.jar
Launcher Type: SUN_STANDARD

[Global flags]
     intx CICompilerCount                          = 4                                         {product} {ergonomic}
     uint ConcGCThreads                            = 3                                         {product} {ergonomic}
     uint G1ConcRefinementThreads                  = 10                                        {product} {ergonomic}
   size_t G1HeapRegionSize                         = 2097152                                   {product} {ergonomic}
   size_t InitialHeapSize                          = 195035136                                 {product} {ergonomic}
     bool ManagementServer                         = true                                      {product} {command line}
   size_t MarkStackSize                            = 4194304                                   {product} {ergonomic}
   size_t MarkStackSizeMax                         = 536870912                                 {product} {ergonomic}
   size_t MaxHeapSize                              = 3116367872                                {product} {ergonomic}
   size_t MaxNewSize                               = 1868562432                                {product} {ergonomic}
   size_t MinHeapDeltaBytes                        = 2097152                                   {product} {ergonomic}
   size_t MinHeapSize                              = 8388608                                   {product} {ergonomic}
    uintx NonNMethodCodeHeapSize                   = 4096                                   {pd product} {ergonomic}
    uintx NonProfiledCodeHeapSize                  = 0                                      {pd product} {ergonomic}
     bool ProfileInterpreter                       = false                                  {pd product} {command line}
    uintx ProfiledCodeHeapSize                     = 0                                      {pd product} {ergonomic}
   size_t SoftMaxHeapSize                          = 3116367872                             {manageable} {ergonomic}
     intx TieredStopAtLevel                        = 1                                         {product} {command line}
     bool UseCompressedOops                        = true                           {product lp64_product} {ergonomic}
     bool UseG1GC                                  = true                                      {product} {ergonomic}
     bool UseLargePagesIndividualAllocation        = false                                  {pd product} {ergonomic}

Logging:
Log output configuration:
 #0: stdout all=warning uptime,level,tags foldmultilines=false
 #1: stderr all=off uptime,level,tags foldmultilines=false

Release file:
IMPLEMENTOR="Oracle Corporation" 
JAVA_RUNTIME_VERSION="25.0.1+8-LTS-27" 
JAVA_VERSION="25.0.1" 
JAVA_VERSION_DATE="2025-10-21" 
LIBC="default" 
MODULES="java.base java.compiler java.datatransfer java.xml java.prefs java.desktop java.instrument java.logging java.management java.security.sasl java.naming java.rmi java.management.rmi java.net.http java.scripting java.security.jgss java.transaction.xa java.sql java.sql.rowset java.xml.crypto java.se java.smartcardio jdk.accessibility jdk.internal.jvmstat jdk.attach jdk.charsets jdk.internal.opt jdk.zipfs jdk.compiler jdk.crypto.cryptoki jdk.crypto.ec jdk.crypto.mscapi jdk.dynalink jdk.internal.ed jdk.editpad jdk.internal.vm.ci jdk.graal.compiler jdk.graal.compiler.management jdk.hotspot.agent jdk.httpserver jdk.incubator.vector jdk.internal.le jdk.internal.md jdk.jartool jdk.javadoc jdk.jcmd jdk.management jdk.management.agent jdk.jconsole jdk.jdeps jdk.jdwp.agent jdk.jdi jdk.jfr jdk.jlink jdk.jpackage jdk.jshell jdk.jsobject jdk.jstatd jdk.localedata jdk.management.jfr jdk.naming.dns jdk.naming.rmi jdk.net jdk.nio.mapmode jdk.sctp jdk.security.auth jdk.security.jgss jdk.unsupported jdk.unsupported.desktop jdk.xml.dom" 
OS_ARCH="x86_64" 
OS_NAME="Windows" 
SOURCE=".:git:862c85bc42b7 open:git:78770bfaefd2" 

Environment Variables:
JAVA_HOME=C:\Program Files\Java\jdk-25
PATH=C:\Program Files\Common Files\Oracle\Java\javapath;C:\Windows\system32;C:\Windows;C:\Windows\System32\Wbem;C:\Windows\System32\WindowsPowerShell\v1.0\;C:\Windows\System32\OpenSSH\;C:\Program Files\dotnet\;C:\apache-maven-3.9.12\bin;C:\Program Files\MySQL\MySQL Shell 8.0\bin\;C:\Users\USER\AppData\Local\Microsoft\WindowsApps;D:\Microsoft VS Code\bin;D:\JavaFiles\IntelliJ IDEA 2025.3.1\bin;C:\Mongosh\
USERNAME=USER
OS=Windows_NT
PROCESSOR_IDENTIFIER=AMD64 Family 25 Model 117 Stepping 2, AuthenticAMD
TMP=C:\Windows\TEMP
TEMP=C:\Users\USER\AppData\Local\Temp




Compilation memory statistics disabled.

Periodic native trim disabled

---------------  S Y S T E M  ---------------

OS:
 Windows 11 , 64 bit Build 26100 (10.0.26100.7309)
OS uptime: 0 days 1:02 hours
Hyper-V role detected

CPU: total 12 (initial active 12) (12 cores per cpu, 2 threads per core) family 25 model 117 stepping 2 microcode 0xa70520a, cx8, cmov, fxsr, ht, mmx, 3dnowpref, sse, sse2, sse3, ssse3, sse4a, sse4.1, sse4.2, popcnt, lzcnt, tsc, tscinvbit, avx, avx2, aes, erms, clmul, bmi1, bmi2, adx, avx512f, avx512dq, avx512cd, avx512bw, avx512vl, sha, fma, vzeroupper, avx512_vpopcntdq, avx512_vpclmulqdq, avx512_vaes, avx512_vnni, clflush, clflushopt, clwb, avx512_vbmi2, avx512_vbmi, hv, rdtscp, rdpid, fsrm, gfni, avx512_bitalg, f16c, cet_ss, avx512_ifma
Processor Information for the first 12 processors :
  Max Mhz: 4351, Current Mhz: 4351, Mhz Limit: 4351

Memory: 4k page, system-wide physical 11885M (2729M free)
TotalPageFile size 28269M (AvailPageFile size 14618M)
current process WorkingSet (physical memory assigned to process): 176M, peak: 176M
current process commit charge ("private bytes"): 226M, peak: 313M

vm_info: Java HotSpot(TM) 64-Bit Server VM (25.0.1+8-LTS-27) for windows-amd64 JRE (25.0.1+8-LTS-27), built on 2025-09-25T16:41:16Z with unknown MS VC++:1943

END.
